!SESSION 2025-01-07 23:51:46.868 -----------------------------------------------
eclipse.buildId=4.31.0.20240307-1200
java.version=17.0.11
java.vendor=Eclipse Adoptium
BootLoader constants: OS=win32, ARCH=x86_64, WS=win32, NL=en_IN
Framework arguments:  -product org.eclipse.epp.package.jee.product
Command-line arguments:  -os win32 -ws win32 -arch x86_64 -product org.eclipse.epp.package.jee.product -data file:/D:/Java/

!ENTRY org.eclipse.emf.ecore 2 0 2025-01-07 23:54:01.685
!MESSAGE Both 'org.eclipse.jst.j2ee.core' and 'org.eclipse.jst.j2ee.core' register a package for 'application.xmi'

!ENTRY org.eclipse.eclemma.core 4 0 2025-01-07 23:54:01.746
!MESSAGE FrameworkEvent ERROR
!STACK 0
org.osgi.framework.BundleException: Could not resolve module: org.eclipse.eclemma.core [319]
  Unresolved requirement: Require-Bundle: org.jacoco.report; bundle-version="[0.8.11,0.8.12)"
    -> Bundle-SymbolicName: org.jacoco.report; bundle-version="0.8.11.202310140853"
       org.jacoco.report [957]
         Unresolved requirement: Import-Package: org.jacoco.core.analysis; version="[0.8.11,0.8.12)"
           -> Export-Package: org.jacoco.core.analysis; bundle-symbolic-name="org.jacoco.core"; bundle-version="0.8.11.202310140853"; version="0.8.11"; uses:="org.jacoco.core.data,org.jacoco.core.internal.analysis"
              org.jacoco.core [956]
         Unresolved requirement: Import-Package: org.jacoco.core; version="[0.8.11,0.8.12)"
           -> Export-Package: org.jacoco.core; bundle-symbolic-name="org.jacoco.core"; bundle-version="0.8.11.202310140853"; version="0.8.11"
         Unresolved requirement: Import-Package: org.jacoco.core.data; version="[0.8.11,0.8.12)"
           -> Export-Package: org.jacoco.core.data; bundle-symbolic-name="org.jacoco.core"; bundle-version="0.8.11.202310140853"; version="0.8.11"; uses:="org.jacoco.core.internal.data"
         Unresolved requirement: Import-Package: org.jacoco.core.runtime; version="[0.8.11,0.8.12)"
           -> Export-Package: org.jacoco.core.runtime; bundle-symbolic-name="org.jacoco.core"; bundle-version="0.8.11.202310140853"; version="0.8.11"; uses:="org.jacoco.core.data,org.objectweb.asm"
  Unresolved requirement: Require-Bundle: org.jacoco.core; bundle-version="[0.8.11,0.8.12)"
    -> Bundle-SymbolicName: org.jacoco.core; bundle-version="0.8.11.202310140853"
  Bundle was not resolved because of a uses constraint violation.
  org.apache.felix.resolver.reason.ReasonException: Uses constraint violation. Unable to resolve resource org.jacoco.core [osgi.identity; type="osgi.bundle"; version:Version="0.8.11.202310140853"; osgi.identity="org.jacoco.core"] because it is exposed to package 'org.objectweb.asm' from resources org.objectweb.asm [osgi.identity; type="osgi.bundle"; version:Version="9.6.0"; osgi.identity="org.objectweb.asm"] and org.objectweb.asm [osgi.identity; osgi.identity="org.objectweb.asm"; type="osgi.bundle"; version:Version="9.7.1"] via two dependency chains.

Chain 1:
  org.jacoco.core [osgi.identity; type="osgi.bundle"; version:Version="0.8.11.202310140853"; osgi.identity="org.jacoco.core"]
    import: (&(osgi.wiring.package=org.objectweb.asm)(&(version>=9.6.0)(!(version>=9.7.0))))
     |
    export: osgi.wiring.package: org.objectweb.asm
  org.objectweb.asm [osgi.identity; type="osgi.bundle"; version:Version="9.6.0"; osgi.identity="org.objectweb.asm"]

Chain 2:
  org.jacoco.core [osgi.identity; type="osgi.bundle"; version:Version="0.8.11.202310140853"; osgi.identity="org.jacoco.core"]
    import: (&(osgi.wiring.package=org.objectweb.asm.commons)(&(version>=9.6.0)(!(version>=9.7.0))))
     |
    export: osgi.wiring.package=org.objectweb.asm.commons; uses:=org.objectweb.asm
  org.objectweb.asm.commons [osgi.identity; type="osgi.bundle"; version:Version="9.6.0"; osgi.identity="org.objectweb.asm.commons"]
    import: (&(osgi.wiring.package=org.objectweb.asm)(version>=9.6.0))
     |
    export: osgi.wiring.package: org.objectweb.asm
  org.objectweb.asm [osgi.identity; osgi.identity="org.objectweb.asm"; type="osgi.bundle"; version:Version="9.7.1"]
	at org.eclipse.osgi.container.Module.start(Module.java:493)
	at org.eclipse.osgi.container.ModuleContainer$ContainerStartLevel$2.run(ModuleContainer.java:2073)
	at org.eclipse.osgi.internal.framework.EquinoxContainerAdaptor$1$1.execute(EquinoxContainerAdaptor.java:143)
	at org.eclipse.osgi.container.ModuleContainer$ContainerStartLevel.incStartLevel(ModuleContainer.java:2064)
	at org.eclipse.osgi.container.ModuleContainer$ContainerStartLevel.incStartLevel(ModuleContainer.java:2004)
	at org.eclipse.osgi.container.ModuleContainer$ContainerStartLevel.doContainerStartLevel(ModuleContainer.java:1967)
	at org.eclipse.osgi.container.ModuleContainer$ContainerStartLevel.dispatchEvent(ModuleContainer.java:1883)
	at org.eclipse.osgi.container.ModuleContainer$ContainerStartLevel.dispatchEvent(ModuleContainer.java:1)
	at org.eclipse.osgi.framework.eventmgr.EventManager.dispatchEvent(EventManager.java:230)
	at org.eclipse.osgi.framework.eventmgr.EventManager$EventThread.run(EventManager.java:341)

!ENTRY org.eclipse.eclemma.ui 4 0 2025-01-07 23:54:01.818
!MESSAGE FrameworkEvent ERROR
!STACK 0
org.osgi.framework.BundleException: Could not resolve module: org.eclipse.eclemma.ui [321]
  Unresolved requirement: Require-Bundle: org.eclipse.eclemma.core
    -> Bundle-SymbolicName: org.eclipse.eclemma.core; bundle-version="3.1.8.202312121452"; singleton:="true"
       org.eclipse.eclemma.core [319]
         Unresolved requirement: Require-Bundle: org.jacoco.report; bundle-version="[0.8.11,0.8.12)"
           -> Bundle-SymbolicName: org.jacoco.report; bundle-version="0.8.11.202310140853"
              org.jacoco.report [957]
                Unresolved requirement: Import-Package: org.jacoco.core.analysis; version="[0.8.11,0.8.12)"
                  -> Export-Package: org.jacoco.core.analysis; bundle-symbolic-name="org.jacoco.core"; bundle-version="0.8.11.202310140853"; version="0.8.11"; uses:="org.jacoco.core.data,org.jacoco.core.internal.analysis"
                     org.jacoco.core [956]
                Unresolved requirement: Import-Package: org.jacoco.core; version="[0.8.11,0.8.12)"
                  -> Export-Package: org.jacoco.core; bundle-symbolic-name="org.jacoco.core"; bundle-version="0.8.11.202310140853"; version="0.8.11"
                Unresolved requirement: Import-Package: org.jacoco.core.data; version="[0.8.11,0.8.12)"
                  -> Export-Package: org.jacoco.core.data; bundle-symbolic-name="org.jacoco.core"; bundle-version="0.8.11.202310140853"; version="0.8.11"; uses:="org.jacoco.core.internal.data"
                Unresolved requirement: Import-Package: org.jacoco.core.runtime; version="[0.8.11,0.8.12)"
                  -> Export-Package: org.jacoco.core.runtime; bundle-symbolic-name="org.jacoco.core"; bundle-version="0.8.11.202310140853"; version="0.8.11"; uses:="org.jacoco.core.data,org.objectweb.asm"
         Unresolved requirement: Require-Bundle: org.jacoco.core; bundle-version="[0.8.11,0.8.12)"
           -> Bundle-SymbolicName: org.jacoco.core; bundle-version="0.8.11.202310140853"
  Unresolved requirement: Require-Bundle: org.jacoco.core; bundle-version="[0.8.11,0.8.12)"
    -> Bundle-SymbolicName: org.jacoco.core; bundle-version="0.8.11.202310140853"
  Bundle was not resolved because of a uses constraint violation.
  org.apache.felix.resolver.reason.ReasonException: Uses constraint violation. Unable to resolve resource org.jacoco.core [osgi.identity; type="osgi.bundle"; version:Version="0.8.11.202310140853"; osgi.identity="org.jacoco.core"] because it is exposed to package 'org.objectweb.asm' from resources org.objectweb.asm [osgi.identity; type="osgi.bundle"; version:Version="9.6.0"; osgi.identity="org.objectweb.asm"] and org.objectweb.asm [osgi.identity; osgi.identity="org.objectweb.asm"; type="osgi.bundle"; version:Version="9.7.1"] via two dependency chains.

Chain 1:
  org.jacoco.core [osgi.identity; type="osgi.bundle"; version:Version="0.8.11.202310140853"; osgi.identity="org.jacoco.core"]
    import: (&(osgi.wiring.package=org.objectweb.asm)(&(version>=9.6.0)(!(version>=9.7.0))))
     |
    export: osgi.wiring.package: org.objectweb.asm
  org.objectweb.asm [osgi.identity; type="osgi.bundle"; version:Version="9.6.0"; osgi.identity="org.objectweb.asm"]

Chain 2:
  org.jacoco.core [osgi.identity; type="osgi.bundle"; version:Version="0.8.11.202310140853"; osgi.identity="org.jacoco.core"]
    import: (&(osgi.wiring.package=org.objectweb.asm.commons)(&(version>=9.6.0)(!(version>=9.7.0))))
     |
    export: osgi.wiring.package=org.objectweb.asm.commons; uses:=org.objectweb.asm
  org.objectweb.asm.commons [osgi.identity; type="osgi.bundle"; version:Version="9.6.0"; osgi.identity="org.objectweb.asm.commons"]
    import: (&(osgi.wiring.package=org.objectweb.asm)(version>=9.6.0))
     |
    export: osgi.wiring.package: org.objectweb.asm
  org.objectweb.asm [osgi.identity; osgi.identity="org.objectweb.asm"; type="osgi.bundle"; version:Version="9.7.1"]
	at org.eclipse.osgi.container.Module.start(Module.java:493)
	at org.eclipse.osgi.container.ModuleContainer$ContainerStartLevel$2.run(ModuleContainer.java:2073)
	at org.eclipse.osgi.internal.framework.EquinoxContainerAdaptor$1$1.execute(EquinoxContainerAdaptor.java:143)
	at org.eclipse.osgi.container.ModuleContainer$ContainerStartLevel.incStartLevel(ModuleContainer.java:2064)
	at org.eclipse.osgi.container.ModuleContainer$ContainerStartLevel.incStartLevel(ModuleContainer.java:2004)
	at org.eclipse.osgi.container.ModuleContainer$ContainerStartLevel.doContainerStartLevel(ModuleContainer.java:1967)
	at org.eclipse.osgi.container.ModuleContainer$ContainerStartLevel.dispatchEvent(ModuleContainer.java:1883)
	at org.eclipse.osgi.container.ModuleContainer$ContainerStartLevel.dispatchEvent(ModuleContainer.java:1)
	at org.eclipse.osgi.framework.eventmgr.EventManager.dispatchEvent(EventManager.java:230)
	at org.eclipse.osgi.framework.eventmgr.EventManager$EventThread.run(EventManager.java:341)

!ENTRY org.eclipse.jst.ws.axis.consumption.ui 4 0 2025-01-07 23:54:02.578
!MESSAGE FrameworkEvent ERROR
!STACK 0
org.osgi.framework.BundleException: Could not resolve module: org.eclipse.jst.ws.axis.consumption.ui [572]
  Unresolved requirement: Require-Bundle: org.eclipse.jst.ws.consumption.ui; bundle-version="[1.2.0,2.0.0)"
    -> Bundle-SymbolicName: org.eclipse.jst.ws.consumption.ui; bundle-version="1.2.0.v202308010145"; singleton:="true"
       org.eclipse.jst.ws.consumption.ui [585]
         Unresolved requirement: Require-Bundle: org.eclipse.jst.ws.ui; bundle-version="[1.0.100,2.0.0)"
           -> Bundle-SymbolicName: org.eclipse.jst.ws.ui; bundle-version="1.1.100.v202308012257"; singleton:="true"
              org.eclipse.jst.ws.ui [609]
                Unresolved requirement: Require-Bundle: org.eclipse.wst.ws.explorer; bundle-version="[1.1.0,2.0.0)"
                  -> Bundle-SymbolicName: org.eclipse.wst.ws.explorer; bundle-version="1.1.2.v202308010145"; singleton:="true"
                     org.eclipse.wst.ws.explorer [904]
                       No resolution report for the bundle.         Unresolved requirement: Require-Bundle: org.eclipse.wst.ws.explorer; bundle-version="[1.1.2,2.0.0)"
           -> Bundle-SymbolicName: org.eclipse.wst.ws.explorer; bundle-version="1.1.2.v202308010145"; singleton:="true"
  Unresolved requirement: Require-Bundle: org.eclipse.jst.ws.ui; bundle-version="[1.0.100,2.0.0)"
    -> Bundle-SymbolicName: org.eclipse.jst.ws.ui; bundle-version="1.1.100.v202308012257"; singleton:="true"
  Bundle was not resolved because of a uses constraint violation.
  org.apache.felix.resolver.reason.ReasonException: Uses constraint violation. Unable to resolve resource org.eclipse.wst.ws.explorer [osgi.identity; type="osgi.bundle"; version:Version="1.1.2.v202308010145"; osgi.identity="org.eclipse.wst.ws.explorer"; singleton:="true"] because it is exposed to package 'javax.servlet' from resources org.eclipse.jetty.servlet-api [osgi.identity; type="osgi.bundle"; version:Version="4.0.6"; osgi.identity="org.eclipse.jetty.servlet-api"] and org.apache.felix.http.servlet-api [osgi.identity; osgi.identity="org.apache.felix.http.servlet-api"; type="osgi.bundle"; version:Version="1.2.0"] via two dependency chains.

Chain 1:
  org.eclipse.wst.ws.explorer [osgi.identity; type="osgi.bundle"; version:Version="1.1.2.v202308010145"; osgi.identity="org.eclipse.wst.ws.explorer"; singleton:="true"]
    import: (&(osgi.wiring.package=javax.servlet)(version>=2.4.0))
     |
    export: osgi.wiring.package: javax.servlet
  org.eclipse.jetty.servlet-api [osgi.identity; type="osgi.bundle"; version:Version="4.0.6"; osgi.identity="org.eclipse.jetty.servlet-api"]

Chain 2:
  org.eclipse.wst.ws.explorer [osgi.identity; type="osgi.bundle"; version:Version="1.1.2.v202308010145"; osgi.identity="org.eclipse.wst.ws.explorer"; singleton:="true"]
    import: (&(osgi.wiring.package=org.osgi.service.http)(version>=1.2.0))
     |
    export: osgi.wiring.package=org.osgi.service.http; uses:=javax.servlet.http
  osgi.enterprise [osgi.identity; osgi.identity="osgi.enterprise"; type="osgi.bundle"; version:Version="4.2.0.v201108120515"]
    import: (osgi.wiring.package=javax.servlet.http)
     |
    export: osgi.wiring.package: javax.servlet.http; uses:=javax.servlet
    export: osgi.wiring.package=javax.servlet
  org.apache.felix.http.servlet-api [osgi.identity; osgi.identity="org.apache.felix.http.servlet-api"; type="osgi.bundle"; version:Version="1.2.0"]
	at org.eclipse.osgi.container.Module.start(Module.java:493)
	at org.eclipse.osgi.container.ModuleContainer$ContainerStartLevel$2.run(ModuleContainer.java:2073)
	at org.eclipse.osgi.internal.framework.EquinoxContainerAdaptor$1$1.execute(EquinoxContainerAdaptor.java:143)
	at org.eclipse.osgi.container.ModuleContainer$ContainerStartLevel.incStartLevel(ModuleContainer.java:2064)
	at org.eclipse.osgi.container.ModuleContainer$ContainerStartLevel.incStartLevel(ModuleContainer.java:2004)
	at org.eclipse.osgi.container.ModuleContainer$ContainerStartLevel.doContainerStartLevel(ModuleContainer.java:1967)
	at org.eclipse.osgi.container.ModuleContainer$ContainerStartLevel.dispatchEvent(ModuleContainer.java:1883)
	at org.eclipse.osgi.container.ModuleContainer$ContainerStartLevel.dispatchEvent(ModuleContainer.java:1)
	at org.eclipse.osgi.framework.eventmgr.EventManager.dispatchEvent(EventManager.java:230)
	at org.eclipse.osgi.framework.eventmgr.EventManager$EventThread.run(EventManager.java:341)

!ENTRY org.eclipse.jst.ws.axis.creation.ui 4 0 2025-01-07 23:54:02.995
!MESSAGE FrameworkEvent ERROR
!STACK 0
org.osgi.framework.BundleException: Could not resolve module: org.eclipse.jst.ws.axis.creation.ui [573]
  Unresolved requirement: Require-Bundle: org.eclipse.jst.ws.axis.consumption.ui; bundle-version="[1.1.0,2.0.0)"
    -> Bundle-SymbolicName: org.eclipse.jst.ws.axis.consumption.ui; bundle-version="1.1.0.v202308010145"; singleton:="true"
       org.eclipse.jst.ws.axis.consumption.ui [572]
         Unresolved requirement: Require-Bundle: org.eclipse.jst.ws.consumption.ui; bundle-version="[1.2.0,2.0.0)"
           -> Bundle-SymbolicName: org.eclipse.jst.ws.consumption.ui; bundle-version="1.2.0.v202308010145"; singleton:="true"
              org.eclipse.jst.ws.consumption.ui [585]
                Unresolved requirement: Require-Bundle: org.eclipse.jst.ws.ui; bundle-version="[1.0.100,2.0.0)"
                  -> Bundle-SymbolicName: org.eclipse.jst.ws.ui; bundle-version="1.1.100.v202308012257"; singleton:="true"
                     org.eclipse.jst.ws.ui [609]
                       Unresolved requirement: Require-Bundle: org.eclipse.wst.ws.explorer; bundle-version="[1.1.0,2.0.0)"
                         -> Bundle-SymbolicName: org.eclipse.wst.ws.explorer; bundle-version="1.1.2.v202308010145"; singleton:="true"
                            org.eclipse.wst.ws.explorer [904]
                              No resolution report for the bundle.                Unresolved requirement: Require-Bundle: org.eclipse.wst.ws.explorer; bundle-version="[1.1.2,2.0.0)"
                  -> Bundle-SymbolicName: org.eclipse.wst.ws.explorer; bundle-version="1.1.2.v202308010145"; singleton:="true"
         Unresolved requirement: Require-Bundle: org.eclipse.jst.ws.ui; bundle-version="[1.0.100,2.0.0)"
           -> Bundle-SymbolicName: org.eclipse.jst.ws.ui; bundle-version="1.1.100.v202308012257"; singleton:="true"
  Unresolved requirement: Require-Bundle: org.eclipse.jst.ws.consumption.ui; bundle-version="[1.2.0,2.0.0)"
    -> Bundle-SymbolicName: org.eclipse.jst.ws.consumption.ui; bundle-version="1.2.0.v202308010145"; singleton:="true"
  Unresolved requirement: Require-Bundle: org.eclipse.jst.ws.ui; bundle-version="[1.0.100,2.0.0)"
    -> Bundle-SymbolicName: org.eclipse.jst.ws.ui; bundle-version="1.1.100.v202308012257"; singleton:="true"
  Bundle was not resolved because of a uses constraint violation.
  org.apache.felix.resolver.reason.ReasonException: Uses constraint violation. Unable to resolve resource org.eclipse.wst.ws.explorer [osgi.identity; type="osgi.bundle"; version:Version="1.1.2.v202308010145"; osgi.identity="org.eclipse.wst.ws.explorer"; singleton:="true"] because it is exposed to package 'javax.servlet' from resources org.eclipse.jetty.servlet-api [osgi.identity; type="osgi.bundle"; version:Version="4.0.6"; osgi.identity="org.eclipse.jetty.servlet-api"] and org.apache.felix.http.servlet-api [osgi.identity; osgi.identity="org.apache.felix.http.servlet-api"; type="osgi.bundle"; version:Version="1.2.0"] via two dependency chains.

Chain 1:
  org.eclipse.wst.ws.explorer [osgi.identity; type="osgi.bundle"; version:Version="1.1.2.v202308010145"; osgi.identity="org.eclipse.wst.ws.explorer"; singleton:="true"]
    import: (&(osgi.wiring.package=javax.servlet)(version>=2.4.0))
     |
    export: osgi.wiring.package: javax.servlet
  org.eclipse.jetty.servlet-api [osgi.identity; type="osgi.bundle"; version:Version="4.0.6"; osgi.identity="org.eclipse.jetty.servlet-api"]

Chain 2:
  org.eclipse.wst.ws.explorer [osgi.identity; type="osgi.bundle"; version:Version="1.1.2.v202308010145"; osgi.identity="org.eclipse.wst.ws.explorer"; singleton:="true"]
    import: (&(osgi.wiring.package=org.osgi.service.http)(version>=1.2.0))
     |
    export: osgi.wiring.package=org.osgi.service.http; uses:=javax.servlet.http
  osgi.enterprise [osgi.identity; osgi.identity="osgi.enterprise"; type="osgi.bundle"; version:Version="4.2.0.v201108120515"]
    import: (osgi.wiring.package=javax.servlet.http)
     |
    export: osgi.wiring.package: javax.servlet.http; uses:=javax.servlet
    export: osgi.wiring.package=javax.servlet
  org.apache.felix.http.servlet-api [osgi.identity; osgi.identity="org.apache.felix.http.servlet-api"; type="osgi.bundle"; version:Version="1.2.0"]
	at org.eclipse.osgi.container.Module.start(Module.java:493)
	at org.eclipse.osgi.container.ModuleContainer$ContainerStartLevel$2.run(ModuleContainer.java:2073)
	at org.eclipse.osgi.internal.framework.EquinoxContainerAdaptor$1$1.execute(EquinoxContainerAdaptor.java:143)
	at org.eclipse.osgi.container.ModuleContainer$ContainerStartLevel.incStartLevel(ModuleContainer.java:2064)
	at org.eclipse.osgi.container.ModuleContainer$ContainerStartLevel.incStartLevel(ModuleContainer.java:2004)
	at org.eclipse.osgi.container.ModuleContainer$ContainerStartLevel.doContainerStartLevel(ModuleContainer.java:1967)
	at org.eclipse.osgi.container.ModuleContainer$ContainerStartLevel.dispatchEvent(ModuleContainer.java:1883)
	at org.eclipse.osgi.container.ModuleContainer$ContainerStartLevel.dispatchEvent(ModuleContainer.java:1)
	at org.eclipse.osgi.framework.eventmgr.EventManager.dispatchEvent(EventManager.java:230)
	at org.eclipse.osgi.framework.eventmgr.EventManager$EventThread.run(EventManager.java:341)

!ENTRY org.eclipse.jst.ws.axis2.consumption.core 4 0 2025-01-07 23:54:03.282
!MESSAGE FrameworkEvent ERROR
!STACK 0
org.osgi.framework.BundleException: Could not resolve module: org.eclipse.jst.ws.axis2.consumption.core [576]
  Unresolved requirement: Require-Bundle: org.eclipse.jst.ws.consumption.ui
    -> Bundle-SymbolicName: org.eclipse.jst.ws.consumption.ui; bundle-version="1.2.0.v202308010145"; singleton:="true"
       org.eclipse.jst.ws.consumption.ui [585]
         Unresolved requirement: Require-Bundle: org.eclipse.jst.ws.ui; bundle-version="[1.0.100,2.0.0)"
           -> Bundle-SymbolicName: org.eclipse.jst.ws.ui; bundle-version="1.1.100.v202308012257"; singleton:="true"
              org.eclipse.jst.ws.ui [609]
                Unresolved requirement: Require-Bundle: org.eclipse.wst.ws.explorer; bundle-version="[1.1.0,2.0.0)"
                  -> Bundle-SymbolicName: org.eclipse.wst.ws.explorer; bundle-version="1.1.2.v202308010145"; singleton:="true"
                     org.eclipse.wst.ws.explorer [904]
                       No resolution report for the bundle.         Unresolved requirement: Require-Bundle: org.eclipse.wst.ws.explorer; bundle-version="[1.1.2,2.0.0)"
           -> Bundle-SymbolicName: org.eclipse.wst.ws.explorer; bundle-version="1.1.2.v202308010145"; singleton:="true"
  Unresolved requirement: Require-Bundle: org.eclipse.jst.ws.ui
    -> Bundle-SymbolicName: org.eclipse.jst.ws.ui; bundle-version="1.1.100.v202308012257"; singleton:="true"
  Unresolved requirement: Require-Bundle: org.eclipse.jst.ws.axis2.ui
    -> Bundle-SymbolicName: org.eclipse.jst.ws.axis2.ui; bundle-version="1.1.0.v202308010145"; singleton:="true"
       org.eclipse.jst.ws.axis2.ui [581]
         Unresolved requirement: Require-Bundle: org.eclipse.jst.ws.ui
           -> Bundle-SymbolicName: org.eclipse.jst.ws.ui; bundle-version="1.1.100.v202308012257"; singleton:="true"
  Bundle was not resolved because of a uses constraint violation.
  org.apache.felix.resolver.reason.ReasonException: Uses constraint violation. Unable to resolve resource org.eclipse.wst.ws.explorer [osgi.identity; type="osgi.bundle"; version:Version="1.1.2.v202308010145"; osgi.identity="org.eclipse.wst.ws.explorer"; singleton:="true"] because it is exposed to package 'javax.servlet' from resources org.eclipse.jetty.servlet-api [osgi.identity; type="osgi.bundle"; version:Version="4.0.6"; osgi.identity="org.eclipse.jetty.servlet-api"] and org.apache.felix.http.servlet-api [osgi.identity; osgi.identity="org.apache.felix.http.servlet-api"; type="osgi.bundle"; version:Version="1.2.0"] via two dependency chains.

Chain 1:
  org.eclipse.wst.ws.explorer [osgi.identity; type="osgi.bundle"; version:Version="1.1.2.v202308010145"; osgi.identity="org.eclipse.wst.ws.explorer"; singleton:="true"]
    import: (&(osgi.wiring.package=javax.servlet)(version>=2.4.0))
     |
    export: osgi.wiring.package: javax.servlet
  org.eclipse.jetty.servlet-api [osgi.identity; type="osgi.bundle"; version:Version="4.0.6"; osgi.identity="org.eclipse.jetty.servlet-api"]

Chain 2:
  org.eclipse.wst.ws.explorer [osgi.identity; type="osgi.bundle"; version:Version="1.1.2.v202308010145"; osgi.identity="org.eclipse.wst.ws.explorer"; singleton:="true"]
    import: (&(osgi.wiring.package=org.osgi.service.http)(version>=1.2.0))
     |
    export: osgi.wiring.package=org.osgi.service.http; uses:=javax.servlet.http
  osgi.enterprise [osgi.identity; osgi.identity="osgi.enterprise"; type="osgi.bundle"; version:Version="4.2.0.v201108120515"]
    import: (osgi.wiring.package=javax.servlet.http)
     |
    export: osgi.wiring.package: javax.servlet.http; uses:=javax.servlet
    export: osgi.wiring.package=javax.servlet
  org.apache.felix.http.servlet-api [osgi.identity; osgi.identity="org.apache.felix.http.servlet-api"; type="osgi.bundle"; version:Version="1.2.0"]
	at org.eclipse.osgi.container.Module.start(Module.java:493)
	at org.eclipse.osgi.container.ModuleContainer$ContainerStartLevel$2.run(ModuleContainer.java:2073)
	at org.eclipse.osgi.internal.framework.EquinoxContainerAdaptor$1$1.execute(EquinoxContainerAdaptor.java:143)
	at org.eclipse.osgi.container.ModuleContainer$ContainerStartLevel.incStartLevel(ModuleContainer.java:2064)
	at org.eclipse.osgi.container.ModuleContainer$ContainerStartLevel.incStartLevel(ModuleContainer.java:2004)
	at org.eclipse.osgi.container.ModuleContainer$ContainerStartLevel.doContainerStartLevel(ModuleContainer.java:1967)
	at org.eclipse.osgi.container.ModuleContainer$ContainerStartLevel.dispatchEvent(ModuleContainer.java:1883)
	at org.eclipse.osgi.container.ModuleContainer$ContainerStartLevel.dispatchEvent(ModuleContainer.java:1)
	at org.eclipse.osgi.framework.eventmgr.EventManager.dispatchEvent(EventManager.java:230)
	at org.eclipse.osgi.framework.eventmgr.EventManager$EventThread.run(EventManager.java:341)

!ENTRY org.eclipse.jst.ws.axis2.consumption.ui 4 0 2025-01-07 23:54:03.577
!MESSAGE FrameworkEvent ERROR
!STACK 0
org.osgi.framework.BundleException: Could not resolve module: org.eclipse.jst.ws.axis2.consumption.ui [577]
  Unresolved requirement: Require-Bundle: org.eclipse.jst.ws.consumption.ui
    -> Bundle-SymbolicName: org.eclipse.jst.ws.consumption.ui; bundle-version="1.2.0.v202308010145"; singleton:="true"
       org.eclipse.jst.ws.consumption.ui [585]
         Unresolved requirement: Require-Bundle: org.eclipse.jst.ws.ui; bundle-version="[1.0.100,2.0.0)"
           -> Bundle-SymbolicName: org.eclipse.jst.ws.ui; bundle-version="1.1.100.v202308012257"; singleton:="true"
              org.eclipse.jst.ws.ui [609]
                Unresolved requirement: Require-Bundle: org.eclipse.wst.ws.explorer; bundle-version="[1.1.0,2.0.0)"
                  -> Bundle-SymbolicName: org.eclipse.wst.ws.explorer; bundle-version="1.1.2.v202308010145"; singleton:="true"
                     org.eclipse.wst.ws.explorer [904]
                       No resolution report for the bundle.         Unresolved requirement: Require-Bundle: org.eclipse.wst.ws.explorer; bundle-version="[1.1.2,2.0.0)"
           -> Bundle-SymbolicName: org.eclipse.wst.ws.explorer; bundle-version="1.1.2.v202308010145"; singleton:="true"
  Unresolved requirement: Require-Bundle: org.eclipse.jst.ws.ui
    -> Bundle-SymbolicName: org.eclipse.jst.ws.ui; bundle-version="1.1.100.v202308012257"; singleton:="true"
  Unresolved requirement: Require-Bundle: org.eclipse.jst.ws.axis2.consumption.core
    -> Bundle-SymbolicName: org.eclipse.jst.ws.axis2.consumption.core; bundle-version="1.1.0.v202308010354"
       org.eclipse.jst.ws.axis2.consumption.core [576]
         Unresolved requirement: Require-Bundle: org.eclipse.jst.ws.consumption.ui
           -> Bundle-SymbolicName: org.eclipse.jst.ws.consumption.ui; bundle-version="1.2.0.v202308010145"; singleton:="true"
         Unresolved requirement: Require-Bundle: org.eclipse.jst.ws.ui
           -> Bundle-SymbolicName: org.eclipse.jst.ws.ui; bundle-version="1.1.100.v202308012257"; singleton:="true"
         Unresolved requirement: Require-Bundle: org.eclipse.jst.ws.axis2.ui
           -> Bundle-SymbolicName: org.eclipse.jst.ws.axis2.ui; bundle-version="1.1.0.v202308010145"; singleton:="true"
              org.eclipse.jst.ws.axis2.ui [581]
                Unresolved requirement: Require-Bundle: org.eclipse.jst.ws.ui
                  -> Bundle-SymbolicName: org.eclipse.jst.ws.ui; bundle-version="1.1.100.v202308012257"; singleton:="true"
  Unresolved requirement: Require-Bundle: org.eclipse.jst.ws.axis2.ui
    -> Bundle-SymbolicName: org.eclipse.jst.ws.axis2.ui; bundle-version="1.1.0.v202308010145"; singleton:="true"
  Bundle was not resolved because of a uses constraint violation.
  org.apache.felix.resolver.reason.ReasonException: Uses constraint violation. Unable to resolve resource org.eclipse.wst.ws.explorer [osgi.identity; type="osgi.bundle"; version:Version="1.1.2.v202308010145"; osgi.identity="org.eclipse.wst.ws.explorer"; singleton:="true"] because it is exposed to package 'javax.servlet' from resources org.eclipse.jetty.servlet-api [osgi.identity; type="osgi.bundle"; version:Version="4.0.6"; osgi.identity="org.eclipse.jetty.servlet-api"] and org.apache.felix.http.servlet-api [osgi.identity; osgi.identity="org.apache.felix.http.servlet-api"; type="osgi.bundle"; version:Version="1.2.0"] via two dependency chains.

Chain 1:
  org.eclipse.wst.ws.explorer [osgi.identity; type="osgi.bundle"; version:Version="1.1.2.v202308010145"; osgi.identity="org.eclipse.wst.ws.explorer"; singleton:="true"]
    import: (&(osgi.wiring.package=javax.servlet)(version>=2.4.0))
     |
    export: osgi.wiring.package: javax.servlet
  org.eclipse.jetty.servlet-api [osgi.identity; type="osgi.bundle"; version:Version="4.0.6"; osgi.identity="org.eclipse.jetty.servlet-api"]

Chain 2:
  org.eclipse.wst.ws.explorer [osgi.identity; type="osgi.bundle"; version:Version="1.1.2.v202308010145"; osgi.identity="org.eclipse.wst.ws.explorer"; singleton:="true"]
    import: (&(osgi.wiring.package=org.osgi.service.http)(version>=1.2.0))
     |
    export: osgi.wiring.package=org.osgi.service.http; uses:=javax.servlet.http
  osgi.enterprise [osgi.identity; osgi.identity="osgi.enterprise"; type="osgi.bundle"; version:Version="4.2.0.v201108120515"]
    import: (osgi.wiring.package=javax.servlet.http)
     |
    export: osgi.wiring.package: javax.servlet.http; uses:=javax.servlet
    export: osgi.wiring.package=javax.servlet
  org.apache.felix.http.servlet-api [osgi.identity; osgi.identity="org.apache.felix.http.servlet-api"; type="osgi.bundle"; version:Version="1.2.0"]
	at org.eclipse.osgi.container.Module.start(Module.java:493)
	at org.eclipse.osgi.container.ModuleContainer$ContainerStartLevel$2.run(ModuleContainer.java:2073)
	at org.eclipse.osgi.internal.framework.EquinoxContainerAdaptor$1$1.execute(EquinoxContainerAdaptor.java:143)
	at org.eclipse.osgi.container.ModuleContainer$ContainerStartLevel.incStartLevel(ModuleContainer.java:2064)
	at org.eclipse.osgi.container.ModuleContainer$ContainerStartLevel.incStartLevel(ModuleContainer.java:2004)
	at org.eclipse.osgi.container.ModuleContainer$ContainerStartLevel.doContainerStartLevel(ModuleContainer.java:1967)
	at org.eclipse.osgi.container.ModuleContainer$ContainerStartLevel.dispatchEvent(ModuleContainer.java:1883)
	at org.eclipse.osgi.container.ModuleContainer$ContainerStartLevel.dispatchEvent(ModuleContainer.java:1)
	at org.eclipse.osgi.framework.eventmgr.EventManager.dispatchEvent(EventManager.java:230)
	at org.eclipse.osgi.framework.eventmgr.EventManager$EventThread.run(EventManager.java:341)

!ENTRY org.eclipse.jst.ws.axis2.creation.core 4 0 2025-01-07 23:54:03.817
!MESSAGE FrameworkEvent ERROR
!STACK 0
org.osgi.framework.BundleException: Could not resolve module: org.eclipse.jst.ws.axis2.creation.core [579]
  Unresolved requirement: Require-Bundle: org.eclipse.jst.ws.axis2.consumption.core
    -> Bundle-SymbolicName: org.eclipse.jst.ws.axis2.consumption.core; bundle-version="1.1.0.v202308010354"
       org.eclipse.jst.ws.axis2.consumption.core [576]
         Unresolved requirement: Require-Bundle: org.eclipse.jst.ws.consumption.ui
           -> Bundle-SymbolicName: org.eclipse.jst.ws.consumption.ui; bundle-version="1.2.0.v202308010145"; singleton:="true"
              org.eclipse.jst.ws.consumption.ui [585]
                Unresolved requirement: Require-Bundle: org.eclipse.jst.ws.ui; bundle-version="[1.0.100,2.0.0)"
                  -> Bundle-SymbolicName: org.eclipse.jst.ws.ui; bundle-version="1.1.100.v202308012257"; singleton:="true"
                     org.eclipse.jst.ws.ui [609]
                       Unresolved requirement: Require-Bundle: org.eclipse.wst.ws.explorer; bundle-version="[1.1.0,2.0.0)"
                         -> Bundle-SymbolicName: org.eclipse.wst.ws.explorer; bundle-version="1.1.2.v202308010145"; singleton:="true"
                            org.eclipse.wst.ws.explorer [904]
                              No resolution report for the bundle.                Unresolved requirement: Require-Bundle: org.eclipse.wst.ws.explorer; bundle-version="[1.1.2,2.0.0)"
                  -> Bundle-SymbolicName: org.eclipse.wst.ws.explorer; bundle-version="1.1.2.v202308010145"; singleton:="true"
         Unresolved requirement: Require-Bundle: org.eclipse.jst.ws.ui
           -> Bundle-SymbolicName: org.eclipse.jst.ws.ui; bundle-version="1.1.100.v202308012257"; singleton:="true"
         Unresolved requirement: Require-Bundle: org.eclipse.jst.ws.axis2.ui
           -> Bundle-SymbolicName: org.eclipse.jst.ws.axis2.ui; bundle-version="1.1.0.v202308010145"; singleton:="true"
              org.eclipse.jst.ws.axis2.ui [581]
                Unresolved requirement: Require-Bundle: org.eclipse.jst.ws.ui
                  -> Bundle-SymbolicName: org.eclipse.jst.ws.ui; bundle-version="1.1.100.v202308012257"; singleton:="true"
  Bundle was not resolved because of a uses constraint violation.
  org.apache.felix.resolver.reason.ReasonException: Uses constraint violation. Unable to resolve resource org.eclipse.wst.ws.explorer [osgi.identity; type="osgi.bundle"; version:Version="1.1.2.v202308010145"; osgi.identity="org.eclipse.wst.ws.explorer"; singleton:="true"] because it is exposed to package 'javax.servlet' from resources org.eclipse.jetty.servlet-api [osgi.identity; type="osgi.bundle"; version:Version="4.0.6"; osgi.identity="org.eclipse.jetty.servlet-api"] and org.apache.felix.http.servlet-api [osgi.identity; osgi.identity="org.apache.felix.http.servlet-api"; type="osgi.bundle"; version:Version="1.2.0"] via two dependency chains.

Chain 1:
  org.eclipse.wst.ws.explorer [osgi.identity; type="osgi.bundle"; version:Version="1.1.2.v202308010145"; osgi.identity="org.eclipse.wst.ws.explorer"; singleton:="true"]
    import: (&(osgi.wiring.package=javax.servlet)(version>=2.4.0))
     |
    export: osgi.wiring.package: javax.servlet
  org.eclipse.jetty.servlet-api [osgi.identity; type="osgi.bundle"; version:Version="4.0.6"; osgi.identity="org.eclipse.jetty.servlet-api"]

Chain 2:
  org.eclipse.wst.ws.explorer [osgi.identity; type="osgi.bundle"; version:Version="1.1.2.v202308010145"; osgi.identity="org.eclipse.wst.ws.explorer"; singleton:="true"]
    import: (&(osgi.wiring.package=org.osgi.service.http)(version>=1.2.0))
     |
    export: osgi.wiring.package=org.osgi.service.http; uses:=javax.servlet.http
  osgi.enterprise [osgi.identity; osgi.identity="osgi.enterprise"; type="osgi.bundle"; version:Version="4.2.0.v201108120515"]
    import: (osgi.wiring.package=javax.servlet.http)
     |
    export: osgi.wiring.package: javax.servlet.http; uses:=javax.servlet
    export: osgi.wiring.package=javax.servlet
  org.apache.felix.http.servlet-api [osgi.identity; osgi.identity="org.apache.felix.http.servlet-api"; type="osgi.bundle"; version:Version="1.2.0"]
	at org.eclipse.osgi.container.Module.start(Module.java:493)
	at org.eclipse.osgi.container.ModuleContainer$ContainerStartLevel$2.run(ModuleContainer.java:2073)
	at org.eclipse.osgi.internal.framework.EquinoxContainerAdaptor$1$1.execute(EquinoxContainerAdaptor.java:143)
	at org.eclipse.osgi.container.ModuleContainer$ContainerStartLevel.incStartLevel(ModuleContainer.java:2064)
	at org.eclipse.osgi.container.ModuleContainer$ContainerStartLevel.incStartLevel(ModuleContainer.java:2004)
	at org.eclipse.osgi.container.ModuleContainer$ContainerStartLevel.doContainerStartLevel(ModuleContainer.java:1967)
	at org.eclipse.osgi.container.ModuleContainer$ContainerStartLevel.dispatchEvent(ModuleContainer.java:1883)
	at org.eclipse.osgi.container.ModuleContainer$ContainerStartLevel.dispatchEvent(ModuleContainer.java:1)
	at org.eclipse.osgi.framework.eventmgr.EventManager.dispatchEvent(EventManager.java:230)
	at org.eclipse.osgi.framework.eventmgr.EventManager$EventThread.run(EventManager.java:341)

!ENTRY org.eclipse.jst.ws.axis2.creation.ui 4 0 2025-01-07 23:54:04.078
!MESSAGE FrameworkEvent ERROR
!STACK 0
org.osgi.framework.BundleException: Could not resolve module: org.eclipse.jst.ws.axis2.creation.ui [580]
  Unresolved requirement: Require-Bundle: org.eclipse.jst.ws.consumption.ui
    -> Bundle-SymbolicName: org.eclipse.jst.ws.consumption.ui; bundle-version="1.2.0.v202308010145"; singleton:="true"
       org.eclipse.jst.ws.consumption.ui [585]
         Unresolved requirement: Require-Bundle: org.eclipse.jst.ws.ui; bundle-version="[1.0.100,2.0.0)"
           -> Bundle-SymbolicName: org.eclipse.jst.ws.ui; bundle-version="1.1.100.v202308012257"; singleton:="true"
              org.eclipse.jst.ws.ui [609]
                Unresolved requirement: Require-Bundle: org.eclipse.wst.ws.explorer; bundle-version="[1.1.0,2.0.0)"
                  -> Bundle-SymbolicName: org.eclipse.wst.ws.explorer; bundle-version="1.1.2.v202308010145"; singleton:="true"
                     org.eclipse.wst.ws.explorer [904]
                       No resolution report for the bundle.         Unresolved requirement: Require-Bundle: org.eclipse.wst.ws.explorer; bundle-version="[1.1.2,2.0.0)"
           -> Bundle-SymbolicName: org.eclipse.wst.ws.explorer; bundle-version="1.1.2.v202308010145"; singleton:="true"
  Unresolved requirement: Require-Bundle: org.eclipse.jst.ws.ui
    -> Bundle-SymbolicName: org.eclipse.jst.ws.ui; bundle-version="1.1.100.v202308012257"; singleton:="true"
  Unresolved requirement: Require-Bundle: org.eclipse.jst.ws.axis2.consumption.ui
    -> Bundle-SymbolicName: org.eclipse.jst.ws.axis2.consumption.ui; bundle-version="1.1.0.v202308010145"; singleton:="true"
       org.eclipse.jst.ws.axis2.consumption.ui [577]
         Unresolved requirement: Require-Bundle: org.eclipse.jst.ws.consumption.ui
           -> Bundle-SymbolicName: org.eclipse.jst.ws.consumption.ui; bundle-version="1.2.0.v202308010145"; singleton:="true"
         Unresolved requirement: Require-Bundle: org.eclipse.jst.ws.ui
           -> Bundle-SymbolicName: org.eclipse.jst.ws.ui; bundle-version="1.1.100.v202308012257"; singleton:="true"
         Unresolved requirement: Require-Bundle: org.eclipse.jst.ws.axis2.consumption.core
           -> Bundle-SymbolicName: org.eclipse.jst.ws.axis2.consumption.core; bundle-version="1.1.0.v202308010354"
              org.eclipse.jst.ws.axis2.consumption.core [576]
                Unresolved requirement: Require-Bundle: org.eclipse.jst.ws.consumption.ui
                  -> Bundle-SymbolicName: org.eclipse.jst.ws.consumption.ui; bundle-version="1.2.0.v202308010145"; singleton:="true"
                Unresolved requirement: Require-Bundle: org.eclipse.jst.ws.ui
                  -> Bundle-SymbolicName: org.eclipse.jst.ws.ui; bundle-version="1.1.100.v202308012257"; singleton:="true"
                Unresolved requirement: Require-Bundle: org.eclipse.jst.ws.axis2.ui
                  -> Bundle-SymbolicName: org.eclipse.jst.ws.axis2.ui; bundle-version="1.1.0.v202308010145"; singleton:="true"
                     org.eclipse.jst.ws.axis2.ui [581]
                       Unresolved requirement: Require-Bundle: org.eclipse.jst.ws.ui
                         -> Bundle-SymbolicName: org.eclipse.jst.ws.ui; bundle-version="1.1.100.v202308012257"; singleton:="true"
         Unresolved requirement: Require-Bundle: org.eclipse.jst.ws.axis2.ui
           -> Bundle-SymbolicName: org.eclipse.jst.ws.axis2.ui; bundle-version="1.1.0.v202308010145"; singleton:="true"
  Unresolved requirement: Require-Bundle: org.eclipse.jst.ws.axis2.consumption.core
    -> Bundle-SymbolicName: org.eclipse.jst.ws.axis2.consumption.core; bundle-version="1.1.0.v202308010354"
  Unresolved requirement: Require-Bundle: org.eclipse.jst.ws.axis2.creation.core
    -> Bundle-SymbolicName: org.eclipse.jst.ws.axis2.creation.core; bundle-version="1.1.0.v202308010145"
       org.eclipse.jst.ws.axis2.creation.core [579]
         Unresolved requirement: Require-Bundle: org.eclipse.jst.ws.axis2.consumption.core
           -> Bundle-SymbolicName: org.eclipse.jst.ws.axis2.consumption.core; bundle-version="1.1.0.v202308010354"
  Bundle was not resolved because of a uses constraint violation.
  org.apache.felix.resolver.reason.ReasonException: Uses constraint violation. Unable to resolve resource org.eclipse.wst.ws.explorer [osgi.identity; type="osgi.bundle"; version:Version="1.1.2.v202308010145"; osgi.identity="org.eclipse.wst.ws.explorer"; singleton:="true"] because it is exposed to package 'javax.servlet' from resources org.eclipse.jetty.servlet-api [osgi.identity; type="osgi.bundle"; version:Version="4.0.6"; osgi.identity="org.eclipse.jetty.servlet-api"] and org.apache.felix.http.servlet-api [osgi.identity; osgi.identity="org.apache.felix.http.servlet-api"; type="osgi.bundle"; version:Version="1.2.0"] via two dependency chains.

Chain 1:
  org.eclipse.wst.ws.explorer [osgi.identity; type="osgi.bundle"; version:Version="1.1.2.v202308010145"; osgi.identity="org.eclipse.wst.ws.explorer"; singleton:="true"]
    import: (&(osgi.wiring.package=javax.servlet)(version>=2.4.0))
     |
    export: osgi.wiring.package: javax.servlet
  org.eclipse.jetty.servlet-api [osgi.identity; type="osgi.bundle"; version:Version="4.0.6"; osgi.identity="org.eclipse.jetty.servlet-api"]

Chain 2:
  org.eclipse.wst.ws.explorer [osgi.identity; type="osgi.bundle"; version:Version="1.1.2.v202308010145"; osgi.identity="org.eclipse.wst.ws.explorer"; singleton:="true"]
    import: (&(osgi.wiring.package=org.osgi.service.http)(version>=1.2.0))
     |
    export: osgi.wiring.package=org.osgi.service.http; uses:=javax.servlet.http
  osgi.enterprise [osgi.identity; osgi.identity="osgi.enterprise"; type="osgi.bundle"; version:Version="4.2.0.v201108120515"]
    import: (osgi.wiring.package=javax.servlet.http)
     |
    export: osgi.wiring.package: javax.servlet.http; uses:=javax.servlet
    export: osgi.wiring.package=javax.servlet
  org.apache.felix.http.servlet-api [osgi.identity; osgi.identity="org.apache.felix.http.servlet-api"; type="osgi.bundle"; version:Version="1.2.0"]
	at org.eclipse.osgi.container.Module.start(Module.java:493)
	at org.eclipse.osgi.container.ModuleContainer$ContainerStartLevel$2.run(ModuleContainer.java:2073)
	at org.eclipse.osgi.internal.framework.EquinoxContainerAdaptor$1$1.execute(EquinoxContainerAdaptor.java:143)
	at org.eclipse.osgi.container.ModuleContainer$ContainerStartLevel.incStartLevel(ModuleContainer.java:2064)
	at org.eclipse.osgi.container.ModuleContainer$ContainerStartLevel.incStartLevel(ModuleContainer.java:2004)
	at org.eclipse.osgi.container.ModuleContainer$ContainerStartLevel.doContainerStartLevel(ModuleContainer.java:1967)
	at org.eclipse.osgi.container.ModuleContainer$ContainerStartLevel.dispatchEvent(ModuleContainer.java:1883)
	at org.eclipse.osgi.container.ModuleContainer$ContainerStartLevel.dispatchEvent(ModuleContainer.java:1)
	at org.eclipse.osgi.framework.eventmgr.EventManager.dispatchEvent(EventManager.java:230)
	at org.eclipse.osgi.framework.eventmgr.EventManager$EventThread.run(EventManager.java:341)

!ENTRY org.eclipse.jst.ws.axis2.ui 4 0 2025-01-07 23:54:04.215
!MESSAGE FrameworkEvent ERROR
!STACK 0
org.osgi.framework.BundleException: Could not resolve module: org.eclipse.jst.ws.axis2.ui [581]
  Unresolved requirement: Require-Bundle: org.eclipse.jst.ws.ui
    -> Bundle-SymbolicName: org.eclipse.jst.ws.ui; bundle-version="1.1.100.v202308012257"; singleton:="true"
       org.eclipse.jst.ws.ui [609]
         Unresolved requirement: Require-Bundle: org.eclipse.wst.ws.explorer; bundle-version="[1.1.0,2.0.0)"
           -> Bundle-SymbolicName: org.eclipse.wst.ws.explorer; bundle-version="1.1.2.v202308010145"; singleton:="true"
              org.eclipse.wst.ws.explorer [904]
                No resolution report for the bundle.  Bundle was not resolved because of a uses constraint violation.
  org.apache.felix.resolver.reason.ReasonException: Uses constraint violation. Unable to resolve resource org.eclipse.wst.ws.explorer [osgi.identity; type="osgi.bundle"; version:Version="1.1.2.v202308010145"; osgi.identity="org.eclipse.wst.ws.explorer"; singleton:="true"] because it is exposed to package 'javax.servlet' from resources org.eclipse.jetty.servlet-api [osgi.identity; type="osgi.bundle"; version:Version="4.0.6"; osgi.identity="org.eclipse.jetty.servlet-api"] and org.apache.felix.http.servlet-api [osgi.identity; osgi.identity="org.apache.felix.http.servlet-api"; type="osgi.bundle"; version:Version="1.2.0"] via two dependency chains.

Chain 1:
  org.eclipse.wst.ws.explorer [osgi.identity; type="osgi.bundle"; version:Version="1.1.2.v202308010145"; osgi.identity="org.eclipse.wst.ws.explorer"; singleton:="true"]
    import: (&(osgi.wiring.package=javax.servlet)(version>=2.4.0))
     |
    export: osgi.wiring.package: javax.servlet
  org.eclipse.jetty.servlet-api [osgi.identity; type="osgi.bundle"; version:Version="4.0.6"; osgi.identity="org.eclipse.jetty.servlet-api"]

Chain 2:
  org.eclipse.wst.ws.explorer [osgi.identity; type="osgi.bundle"; version:Version="1.1.2.v202308010145"; osgi.identity="org.eclipse.wst.ws.explorer"; singleton:="true"]
    import: (&(osgi.wiring.package=org.osgi.service.http)(version>=1.2.0))
     |
    export: osgi.wiring.package=org.osgi.service.http; uses:=javax.servlet.http
  osgi.enterprise [osgi.identity; osgi.identity="osgi.enterprise"; type="osgi.bundle"; version:Version="4.2.0.v201108120515"]
    import: (osgi.wiring.package=javax.servlet.http)
     |
    export: osgi.wiring.package: javax.servlet.http; uses:=javax.servlet
    export: osgi.wiring.package=javax.servlet
  org.apache.felix.http.servlet-api [osgi.identity; osgi.identity="org.apache.felix.http.servlet-api"; type="osgi.bundle"; version:Version="1.2.0"]
	at org.eclipse.osgi.container.Module.start(Module.java:493)
	at org.eclipse.osgi.container.ModuleContainer$ContainerStartLevel$2.run(ModuleContainer.java:2073)
	at org.eclipse.osgi.internal.framework.EquinoxContainerAdaptor$1$1.execute(EquinoxContainerAdaptor.java:143)
	at org.eclipse.osgi.container.ModuleContainer$ContainerStartLevel.incStartLevel(ModuleContainer.java:2064)
	at org.eclipse.osgi.container.ModuleContainer$ContainerStartLevel.incStartLevel(ModuleContainer.java:2004)
	at org.eclipse.osgi.container.ModuleContainer$ContainerStartLevel.doContainerStartLevel(ModuleContainer.java:1967)
	at org.eclipse.osgi.container.ModuleContainer$ContainerStartLevel.dispatchEvent(ModuleContainer.java:1883)
	at org.eclipse.osgi.container.ModuleContainer$ContainerStartLevel.dispatchEvent(ModuleContainer.java:1)
	at org.eclipse.osgi.framework.eventmgr.EventManager.dispatchEvent(EventManager.java:230)
	at org.eclipse.osgi.framework.eventmgr.EventManager$EventThread.run(EventManager.java:341)

!ENTRY org.eclipse.jst.ws.consumption.ui 4 0 2025-01-07 23:54:04.341
!MESSAGE FrameworkEvent ERROR
!STACK 0
org.osgi.framework.BundleException: Could not resolve module: org.eclipse.jst.ws.consumption.ui [585]
  Unresolved requirement: Require-Bundle: org.eclipse.jst.ws.ui; bundle-version="[1.0.100,2.0.0)"
    -> Bundle-SymbolicName: org.eclipse.jst.ws.ui; bundle-version="1.1.100.v202308012257"; singleton:="true"
       org.eclipse.jst.ws.ui [609]
         Unresolved requirement: Require-Bundle: org.eclipse.wst.ws.explorer; bundle-version="[1.1.0,2.0.0)"
           -> Bundle-SymbolicName: org.eclipse.wst.ws.explorer; bundle-version="1.1.2.v202308010145"; singleton:="true"
              org.eclipse.wst.ws.explorer [904]
                No resolution report for the bundle.  Unresolved requirement: Require-Bundle: org.eclipse.wst.ws.explorer; bundle-version="[1.1.2,2.0.0)"
    -> Bundle-SymbolicName: org.eclipse.wst.ws.explorer; bundle-version="1.1.2.v202308010145"; singleton:="true"
  Bundle was not resolved because of a uses constraint violation.
  org.apache.felix.resolver.reason.ReasonException: Uses constraint violation. Unable to resolve resource org.eclipse.wst.ws.explorer [osgi.identity; type="osgi.bundle"; version:Version="1.1.2.v202308010145"; osgi.identity="org.eclipse.wst.ws.explorer"; singleton:="true"] because it is exposed to package 'javax.servlet' from resources org.eclipse.jetty.servlet-api [osgi.identity; type="osgi.bundle"; version:Version="4.0.6"; osgi.identity="org.eclipse.jetty.servlet-api"] and org.apache.felix.http.servlet-api [osgi.identity; osgi.identity="org.apache.felix.http.servlet-api"; type="osgi.bundle"; version:Version="1.2.0"] via two dependency chains.

Chain 1:
  org.eclipse.wst.ws.explorer [osgi.identity; type="osgi.bundle"; version:Version="1.1.2.v202308010145"; osgi.identity="org.eclipse.wst.ws.explorer"; singleton:="true"]
    import: (&(osgi.wiring.package=javax.servlet)(version>=2.4.0))
     |
    export: osgi.wiring.package: javax.servlet
  org.eclipse.jetty.servlet-api [osgi.identity; type="osgi.bundle"; version:Version="4.0.6"; osgi.identity="org.eclipse.jetty.servlet-api"]

Chain 2:
  org.eclipse.wst.ws.explorer [osgi.identity; type="osgi.bundle"; version:Version="1.1.2.v202308010145"; osgi.identity="org.eclipse.wst.ws.explorer"; singleton:="true"]
    import: (&(osgi.wiring.package=org.osgi.service.http)(version>=1.2.0))
     |
    export: osgi.wiring.package=org.osgi.service.http; uses:=javax.servlet.http
  osgi.enterprise [osgi.identity; osgi.identity="osgi.enterprise"; type="osgi.bundle"; version:Version="4.2.0.v201108120515"]
    import: (osgi.wiring.package=javax.servlet.http)
     |
    export: osgi.wiring.package: javax.servlet.http; uses:=javax.servlet
    export: osgi.wiring.package=javax.servlet
  org.apache.felix.http.servlet-api [osgi.identity; osgi.identity="org.apache.felix.http.servlet-api"; type="osgi.bundle"; version:Version="1.2.0"]
	at org.eclipse.osgi.container.Module.start(Module.java:493)
	at org.eclipse.osgi.container.ModuleContainer$ContainerStartLevel$2.run(ModuleContainer.java:2073)
	at org.eclipse.osgi.internal.framework.EquinoxContainerAdaptor$1$1.execute(EquinoxContainerAdaptor.java:143)
	at org.eclipse.osgi.container.ModuleContainer$ContainerStartLevel.incStartLevel(ModuleContainer.java:2064)
	at org.eclipse.osgi.container.ModuleContainer$ContainerStartLevel.incStartLevel(ModuleContainer.java:2004)
	at org.eclipse.osgi.container.ModuleContainer$ContainerStartLevel.doContainerStartLevel(ModuleContainer.java:1967)
	at org.eclipse.osgi.container.ModuleContainer$ContainerStartLevel.dispatchEvent(ModuleContainer.java:1883)
	at org.eclipse.osgi.container.ModuleContainer$ContainerStartLevel.dispatchEvent(ModuleContainer.java:1)
	at org.eclipse.osgi.framework.eventmgr.EventManager.dispatchEvent(EventManager.java:230)
	at org.eclipse.osgi.framework.eventmgr.EventManager$EventThread.run(EventManager.java:341)

!ENTRY org.eclipse.jst.ws.creation.ui 4 0 2025-01-07 23:54:04.472
!MESSAGE FrameworkEvent ERROR
!STACK 0
org.osgi.framework.BundleException: Could not resolve module: org.eclipse.jst.ws.creation.ui [588]
  Unresolved requirement: Require-Bundle: org.eclipse.jst.ws.ui; bundle-version="[1.0.100,2.0.0)"
    -> Bundle-SymbolicName: org.eclipse.jst.ws.ui; bundle-version="1.1.100.v202308012257"; singleton:="true"
       org.eclipse.jst.ws.ui [609]
         Unresolved requirement: Require-Bundle: org.eclipse.wst.ws.explorer; bundle-version="[1.1.0,2.0.0)"
           -> Bundle-SymbolicName: org.eclipse.wst.ws.explorer; bundle-version="1.1.2.v202308010145"; singleton:="true"
              org.eclipse.wst.ws.explorer [904]
                No resolution report for the bundle.  Unresolved requirement: Require-Bundle: org.eclipse.wst.ws.explorer; bundle-version="[1.1.0,1.2.0)"
    -> Bundle-SymbolicName: org.eclipse.wst.ws.explorer; bundle-version="1.1.2.v202308010145"; singleton:="true"
  Unresolved requirement: Require-Bundle: org.eclipse.jst.ws.consumption.ui; bundle-version="[1.2.0,2.0.0)"
    -> Bundle-SymbolicName: org.eclipse.jst.ws.consumption.ui; bundle-version="1.2.0.v202308010145"; singleton:="true"
       org.eclipse.jst.ws.consumption.ui [585]
         Unresolved requirement: Require-Bundle: org.eclipse.jst.ws.ui; bundle-version="[1.0.100,2.0.0)"
           -> Bundle-SymbolicName: org.eclipse.jst.ws.ui; bundle-version="1.1.100.v202308012257"; singleton:="true"
         Unresolved requirement: Require-Bundle: org.eclipse.wst.ws.explorer; bundle-version="[1.1.2,2.0.0)"
           -> Bundle-SymbolicName: org.eclipse.wst.ws.explorer; bundle-version="1.1.2.v202308010145"; singleton:="true"
  Bundle was not resolved because of a uses constraint violation.
  org.apache.felix.resolver.reason.ReasonException: Uses constraint violation. Unable to resolve resource org.eclipse.wst.ws.explorer [osgi.identity; type="osgi.bundle"; version:Version="1.1.2.v202308010145"; osgi.identity="org.eclipse.wst.ws.explorer"; singleton:="true"] because it is exposed to package 'javax.servlet' from resources org.eclipse.jetty.servlet-api [osgi.identity; type="osgi.bundle"; version:Version="4.0.6"; osgi.identity="org.eclipse.jetty.servlet-api"] and org.apache.felix.http.servlet-api [osgi.identity; osgi.identity="org.apache.felix.http.servlet-api"; type="osgi.bundle"; version:Version="1.2.0"] via two dependency chains.

Chain 1:
  org.eclipse.wst.ws.explorer [osgi.identity; type="osgi.bundle"; version:Version="1.1.2.v202308010145"; osgi.identity="org.eclipse.wst.ws.explorer"; singleton:="true"]
    import: (&(osgi.wiring.package=javax.servlet)(version>=2.4.0))
     |
    export: osgi.wiring.package: javax.servlet
  org.eclipse.jetty.servlet-api [osgi.identity; type="osgi.bundle"; version:Version="4.0.6"; osgi.identity="org.eclipse.jetty.servlet-api"]

Chain 2:
  org.eclipse.wst.ws.explorer [osgi.identity; type="osgi.bundle"; version:Version="1.1.2.v202308010145"; osgi.identity="org.eclipse.wst.ws.explorer"; singleton:="true"]
    import: (&(osgi.wiring.package=org.osgi.service.http)(version>=1.2.0))
     |
    export: osgi.wiring.package=org.osgi.service.http; uses:=javax.servlet.http
  osgi.enterprise [osgi.identity; osgi.identity="osgi.enterprise"; type="osgi.bundle"; version:Version="4.2.0.v201108120515"]
    import: (osgi.wiring.package=javax.servlet.http)
     |
    export: osgi.wiring.package: javax.servlet.http; uses:=javax.servlet
    export: osgi.wiring.package=javax.servlet
  org.apache.felix.http.servlet-api [osgi.identity; osgi.identity="org.apache.felix.http.servlet-api"; type="osgi.bundle"; version:Version="1.2.0"]
	at org.eclipse.osgi.container.Module.start(Module.java:493)
	at org.eclipse.osgi.container.ModuleContainer$ContainerStartLevel$2.run(ModuleContainer.java:2073)
	at org.eclipse.osgi.internal.framework.EquinoxContainerAdaptor$1$1.execute(EquinoxContainerAdaptor.java:143)
	at org.eclipse.osgi.container.ModuleContainer$ContainerStartLevel.incStartLevel(ModuleContainer.java:2064)
	at org.eclipse.osgi.container.ModuleContainer$ContainerStartLevel.incStartLevel(ModuleContainer.java:2004)
	at org.eclipse.osgi.container.ModuleContainer$ContainerStartLevel.doContainerStartLevel(ModuleContainer.java:1967)
	at org.eclipse.osgi.container.ModuleContainer$ContainerStartLevel.dispatchEvent(ModuleContainer.java:1883)
	at org.eclipse.osgi.container.ModuleContainer$ContainerStartLevel.dispatchEvent(ModuleContainer.java:1)
	at org.eclipse.osgi.framework.eventmgr.EventManager.dispatchEvent(EventManager.java:230)
	at org.eclipse.osgi.framework.eventmgr.EventManager$EventThread.run(EventManager.java:341)

!ENTRY org.eclipse.jst.ws.cxf.consumption.ui 4 0 2025-01-07 23:54:04.645
!MESSAGE FrameworkEvent ERROR
!STACK 0
org.osgi.framework.BundleException: Could not resolve module: org.eclipse.jst.ws.cxf.consumption.ui [590]
  Unresolved requirement: Require-Bundle: org.eclipse.jst.ws.consumption.ui; bundle-version="[1.2.0,2.0.0)"
    -> Bundle-SymbolicName: org.eclipse.jst.ws.consumption.ui; bundle-version="1.2.0.v202308010145"; singleton:="true"
       org.eclipse.jst.ws.consumption.ui [585]
         Unresolved requirement: Require-Bundle: org.eclipse.jst.ws.ui; bundle-version="[1.0.100,2.0.0)"
           -> Bundle-SymbolicName: org.eclipse.jst.ws.ui; bundle-version="1.1.100.v202308012257"; singleton:="true"
              org.eclipse.jst.ws.ui [609]
                Unresolved requirement: Require-Bundle: org.eclipse.wst.ws.explorer; bundle-version="[1.1.0,2.0.0)"
                  -> Bundle-SymbolicName: org.eclipse.wst.ws.explorer; bundle-version="1.1.2.v202308010145"; singleton:="true"
                     org.eclipse.wst.ws.explorer [904]
                       No resolution report for the bundle.         Unresolved requirement: Require-Bundle: org.eclipse.wst.ws.explorer; bundle-version="[1.1.2,2.0.0)"
           -> Bundle-SymbolicName: org.eclipse.wst.ws.explorer; bundle-version="1.1.2.v202308010145"; singleton:="true"
  Bundle was not resolved because of a uses constraint violation.
  org.apache.felix.resolver.reason.ReasonException: Uses constraint violation. Unable to resolve resource org.eclipse.wst.ws.explorer [osgi.identity; type="osgi.bundle"; version:Version="1.1.2.v202308010145"; osgi.identity="org.eclipse.wst.ws.explorer"; singleton:="true"] because it is exposed to package 'javax.servlet' from resources org.eclipse.jetty.servlet-api [osgi.identity; type="osgi.bundle"; version:Version="4.0.6"; osgi.identity="org.eclipse.jetty.servlet-api"] and org.apache.felix.http.servlet-api [osgi.identity; osgi.identity="org.apache.felix.http.servlet-api"; type="osgi.bundle"; version:Version="1.2.0"] via two dependency chains.

Chain 1:
  org.eclipse.wst.ws.explorer [osgi.identity; type="osgi.bundle"; version:Version="1.1.2.v202308010145"; osgi.identity="org.eclipse.wst.ws.explorer"; singleton:="true"]
    import: (&(osgi.wiring.package=javax.servlet)(version>=2.4.0))
     |
    export: osgi.wiring.package: javax.servlet
  org.eclipse.jetty.servlet-api [osgi.identity; type="osgi.bundle"; version:Version="4.0.6"; osgi.identity="org.eclipse.jetty.servlet-api"]

Chain 2:
  org.eclipse.wst.ws.explorer [osgi.identity; type="osgi.bundle"; version:Version="1.1.2.v202308010145"; osgi.identity="org.eclipse.wst.ws.explorer"; singleton:="true"]
    import: (&(osgi.wiring.package=org.osgi.service.http)(version>=1.2.0))
     |
    export: osgi.wiring.package=org.osgi.service.http; uses:=javax.servlet.http
  osgi.enterprise [osgi.identity; osgi.identity="osgi.enterprise"; type="osgi.bundle"; version:Version="4.2.0.v201108120515"]
    import: (osgi.wiring.package=javax.servlet.http)
     |
    export: osgi.wiring.package: javax.servlet.http; uses:=javax.servlet
    export: osgi.wiring.package=javax.servlet
  org.apache.felix.http.servlet-api [osgi.identity; osgi.identity="org.apache.felix.http.servlet-api"; type="osgi.bundle"; version:Version="1.2.0"]
	at org.eclipse.osgi.container.Module.start(Module.java:493)
	at org.eclipse.osgi.container.ModuleContainer$ContainerStartLevel$2.run(ModuleContainer.java:2073)
	at org.eclipse.osgi.internal.framework.EquinoxContainerAdaptor$1$1.execute(EquinoxContainerAdaptor.java:143)
	at org.eclipse.osgi.container.ModuleContainer$ContainerStartLevel.incStartLevel(ModuleContainer.java:2064)
	at org.eclipse.osgi.container.ModuleContainer$ContainerStartLevel.incStartLevel(ModuleContainer.java:2004)
	at org.eclipse.osgi.container.ModuleContainer$ContainerStartLevel.doContainerStartLevel(ModuleContainer.java:1967)
	at org.eclipse.osgi.container.ModuleContainer$ContainerStartLevel.dispatchEvent(ModuleContainer.java:1883)
	at org.eclipse.osgi.container.ModuleContainer$ContainerStartLevel.dispatchEvent(ModuleContainer.java:1)
	at org.eclipse.osgi.framework.eventmgr.EventManager.dispatchEvent(EventManager.java:230)
	at org.eclipse.osgi.framework.eventmgr.EventManager$EventThread.run(EventManager.java:341)

!ENTRY org.eclipse.jst.ws.cxf.creation.ui 4 0 2025-01-07 23:54:04.785
!MESSAGE FrameworkEvent ERROR
!STACK 0
org.osgi.framework.BundleException: Could not resolve module: org.eclipse.jst.ws.cxf.creation.ui [593]
  Unresolved requirement: Require-Bundle: org.eclipse.jst.ws.cxf.consumption.ui; bundle-version="[1.1.0,2.0.0)"
    -> Bundle-SymbolicName: org.eclipse.jst.ws.cxf.consumption.ui; bundle-version="1.1.0.v202308010229"; singleton:="true"
       org.eclipse.jst.ws.cxf.consumption.ui [590]
         Unresolved requirement: Require-Bundle: org.eclipse.jst.ws.consumption.ui; bundle-version="[1.2.0,2.0.0)"
           -> Bundle-SymbolicName: org.eclipse.jst.ws.consumption.ui; bundle-version="1.2.0.v202308010145"; singleton:="true"
              org.eclipse.jst.ws.consumption.ui [585]
                Unresolved requirement: Require-Bundle: org.eclipse.jst.ws.ui; bundle-version="[1.0.100,2.0.0)"
                  -> Bundle-SymbolicName: org.eclipse.jst.ws.ui; bundle-version="1.1.100.v202308012257"; singleton:="true"
                     org.eclipse.jst.ws.ui [609]
                       Unresolved requirement: Require-Bundle: org.eclipse.wst.ws.explorer; bundle-version="[1.1.0,2.0.0)"
                         -> Bundle-SymbolicName: org.eclipse.wst.ws.explorer; bundle-version="1.1.2.v202308010145"; singleton:="true"
                            org.eclipse.wst.ws.explorer [904]
                              No resolution report for the bundle.                Unresolved requirement: Require-Bundle: org.eclipse.wst.ws.explorer; bundle-version="[1.1.2,2.0.0)"
                  -> Bundle-SymbolicName: org.eclipse.wst.ws.explorer; bundle-version="1.1.2.v202308010145"; singleton:="true"
  Unresolved requirement: Require-Bundle: org.eclipse.jst.ws.consumption.ui; bundle-version="[1.2.0,2.0.0)"
    -> Bundle-SymbolicName: org.eclipse.jst.ws.consumption.ui; bundle-version="1.2.0.v202308010145"; singleton:="true"
  Unresolved requirement: Require-Bundle: org.eclipse.jst.ws.creation.ui; bundle-version="[1.1.0,2.0.0)"
    -> Bundle-SymbolicName: org.eclipse.jst.ws.creation.ui; bundle-version="1.1.0.v202308010145"; singleton:="true"
       org.eclipse.jst.ws.creation.ui [588]
         Unresolved requirement: Require-Bundle: org.eclipse.jst.ws.ui; bundle-version="[1.0.100,2.0.0)"
           -> Bundle-SymbolicName: org.eclipse.jst.ws.ui; bundle-version="1.1.100.v202308012257"; singleton:="true"
         Unresolved requirement: Require-Bundle: org.eclipse.wst.ws.explorer; bundle-version="[1.1.0,1.2.0)"
           -> Bundle-SymbolicName: org.eclipse.wst.ws.explorer; bundle-version="1.1.2.v202308010145"; singleton:="true"
         Unresolved requirement: Require-Bundle: org.eclipse.jst.ws.consumption.ui; bundle-version="[1.2.0,2.0.0)"
           -> Bundle-SymbolicName: org.eclipse.jst.ws.consumption.ui; bundle-version="1.2.0.v202308010145"; singleton:="true"
  Bundle was not resolved because of a uses constraint violation.
  org.apache.felix.resolver.reason.ReasonException: Uses constraint violation. Unable to resolve resource org.eclipse.wst.ws.explorer [osgi.identity; type="osgi.bundle"; version:Version="1.1.2.v202308010145"; osgi.identity="org.eclipse.wst.ws.explorer"; singleton:="true"] because it is exposed to package 'javax.servlet' from resources org.eclipse.jetty.servlet-api [osgi.identity; type="osgi.bundle"; version:Version="4.0.6"; osgi.identity="org.eclipse.jetty.servlet-api"] and org.apache.felix.http.servlet-api [osgi.identity; osgi.identity="org.apache.felix.http.servlet-api"; type="osgi.bundle"; version:Version="1.2.0"] via two dependency chains.

Chain 1:
  org.eclipse.wst.ws.explorer [osgi.identity; type="osgi.bundle"; version:Version="1.1.2.v202308010145"; osgi.identity="org.eclipse.wst.ws.explorer"; singleton:="true"]
    import: (&(osgi.wiring.package=javax.servlet)(version>=2.4.0))
     |
    export: osgi.wiring.package: javax.servlet
  org.eclipse.jetty.servlet-api [osgi.identity; type="osgi.bundle"; version:Version="4.0.6"; osgi.identity="org.eclipse.jetty.servlet-api"]

Chain 2:
  org.eclipse.wst.ws.explorer [osgi.identity; type="osgi.bundle"; version:Version="1.1.2.v202308010145"; osgi.identity="org.eclipse.wst.ws.explorer"; singleton:="true"]
    import: (&(osgi.wiring.package=org.osgi.service.http)(version>=1.2.0))
     |
    export: osgi.wiring.package=org.osgi.service.http; uses:=javax.servlet.http
  osgi.enterprise [osgi.identity; osgi.identity="osgi.enterprise"; type="osgi.bundle"; version:Version="4.2.0.v201108120515"]
    import: (osgi.wiring.package=javax.servlet.http)
     |
    export: osgi.wiring.package: javax.servlet.http; uses:=javax.servlet
    export: osgi.wiring.package=javax.servlet
  org.apache.felix.http.servlet-api [osgi.identity; osgi.identity="org.apache.felix.http.servlet-api"; type="osgi.bundle"; version:Version="1.2.0"]
	at org.eclipse.osgi.container.Module.start(Module.java:493)
	at org.eclipse.osgi.container.ModuleContainer$ContainerStartLevel$2.run(ModuleContainer.java:2073)
	at org.eclipse.osgi.internal.framework.EquinoxContainerAdaptor$1$1.execute(EquinoxContainerAdaptor.java:143)
	at org.eclipse.osgi.container.ModuleContainer$ContainerStartLevel.incStartLevel(ModuleContainer.java:2064)
	at org.eclipse.osgi.container.ModuleContainer$ContainerStartLevel.incStartLevel(ModuleContainer.java:2004)
	at org.eclipse.osgi.container.ModuleContainer$ContainerStartLevel.doContainerStartLevel(ModuleContainer.java:1967)
	at org.eclipse.osgi.container.ModuleContainer$ContainerStartLevel.dispatchEvent(ModuleContainer.java:1883)
	at org.eclipse.osgi.container.ModuleContainer$ContainerStartLevel.dispatchEvent(ModuleContainer.java:1)
	at org.eclipse.osgi.framework.eventmgr.EventManager.dispatchEvent(EventManager.java:230)
	at org.eclipse.osgi.framework.eventmgr.EventManager$EventThread.run(EventManager.java:341)

!ENTRY org.eclipse.jst.ws.uddiregistry 4 0 2025-01-07 23:54:04.904
!MESSAGE FrameworkEvent ERROR
!STACK 0
org.osgi.framework.BundleException: Could not resolve module: org.eclipse.jst.ws.uddiregistry [608]
  Unresolved requirement: Require-Bundle: org.eclipse.jst.ws.ui; bundle-version="[1.0.100,2.0.0)"
    -> Bundle-SymbolicName: org.eclipse.jst.ws.ui; bundle-version="1.1.100.v202308012257"; singleton:="true"
       org.eclipse.jst.ws.ui [609]
         Unresolved requirement: Require-Bundle: org.eclipse.wst.ws.explorer; bundle-version="[1.1.0,2.0.0)"
           -> Bundle-SymbolicName: org.eclipse.wst.ws.explorer; bundle-version="1.1.2.v202308010145"; singleton:="true"
              org.eclipse.wst.ws.explorer [904]
                No resolution report for the bundle.  Bundle was not resolved because of a uses constraint violation.
  org.apache.felix.resolver.reason.ReasonException: Uses constraint violation. Unable to resolve resource org.eclipse.wst.ws.explorer [osgi.identity; type="osgi.bundle"; version:Version="1.1.2.v202308010145"; osgi.identity="org.eclipse.wst.ws.explorer"; singleton:="true"] because it is exposed to package 'javax.servlet' from resources org.eclipse.jetty.servlet-api [osgi.identity; type="osgi.bundle"; version:Version="4.0.6"; osgi.identity="org.eclipse.jetty.servlet-api"] and org.apache.felix.http.servlet-api [osgi.identity; osgi.identity="org.apache.felix.http.servlet-api"; type="osgi.bundle"; version:Version="1.2.0"] via two dependency chains.

Chain 1:
  org.eclipse.wst.ws.explorer [osgi.identity; type="osgi.bundle"; version:Version="1.1.2.v202308010145"; osgi.identity="org.eclipse.wst.ws.explorer"; singleton:="true"]
    import: (&(osgi.wiring.package=javax.servlet)(version>=2.4.0))
     |
    export: osgi.wiring.package: javax.servlet
  org.eclipse.jetty.servlet-api [osgi.identity; type="osgi.bundle"; version:Version="4.0.6"; osgi.identity="org.eclipse.jetty.servlet-api"]

Chain 2:
  org.eclipse.wst.ws.explorer [osgi.identity; type="osgi.bundle"; version:Version="1.1.2.v202308010145"; osgi.identity="org.eclipse.wst.ws.explorer"; singleton:="true"]
    import: (&(osgi.wiring.package=org.osgi.service.http)(version>=1.2.0))
     |
    export: osgi.wiring.package=org.osgi.service.http; uses:=javax.servlet.http
  osgi.enterprise [osgi.identity; osgi.identity="osgi.enterprise"; type="osgi.bundle"; version:Version="4.2.0.v201108120515"]
    import: (osgi.wiring.package=javax.servlet.http)
     |
    export: osgi.wiring.package: javax.servlet.http; uses:=javax.servlet
    export: osgi.wiring.package=javax.servlet
  org.apache.felix.http.servlet-api [osgi.identity; osgi.identity="org.apache.felix.http.servlet-api"; type="osgi.bundle"; version:Version="1.2.0"]
	at org.eclipse.osgi.container.Module.start(Module.java:493)
	at org.eclipse.osgi.container.ModuleContainer$ContainerStartLevel$2.run(ModuleContainer.java:2073)
	at org.eclipse.osgi.internal.framework.EquinoxContainerAdaptor$1$1.execute(EquinoxContainerAdaptor.java:143)
	at org.eclipse.osgi.container.ModuleContainer$ContainerStartLevel.incStartLevel(ModuleContainer.java:2064)
	at org.eclipse.osgi.container.ModuleContainer$ContainerStartLevel.incStartLevel(ModuleContainer.java:2004)
	at org.eclipse.osgi.container.ModuleContainer$ContainerStartLevel.doContainerStartLevel(ModuleContainer.java:1967)
	at org.eclipse.osgi.container.ModuleContainer$ContainerStartLevel.dispatchEvent(ModuleContainer.java:1883)
	at org.eclipse.osgi.container.ModuleContainer$ContainerStartLevel.dispatchEvent(ModuleContainer.java:1)
	at org.eclipse.osgi.framework.eventmgr.EventManager.dispatchEvent(EventManager.java:230)
	at org.eclipse.osgi.framework.eventmgr.EventManager$EventThread.run(EventManager.java:341)

!ENTRY org.eclipse.jst.ws.ui 4 0 2025-01-07 23:54:05.019
!MESSAGE FrameworkEvent ERROR
!STACK 0
org.osgi.framework.BundleException: Could not resolve module: org.eclipse.jst.ws.ui [609]
  Unresolved requirement: Require-Bundle: org.eclipse.wst.ws.explorer; bundle-version="[1.1.0,2.0.0)"
    -> Bundle-SymbolicName: org.eclipse.wst.ws.explorer; bundle-version="1.1.2.v202308010145"; singleton:="true"
       org.eclipse.wst.ws.explorer [904]
         No resolution report for the bundle.  Bundle was not resolved because of a uses constraint violation.
  org.apache.felix.resolver.reason.ReasonException: Uses constraint violation. Unable to resolve resource org.eclipse.wst.ws.explorer [osgi.identity; type="osgi.bundle"; version:Version="1.1.2.v202308010145"; osgi.identity="org.eclipse.wst.ws.explorer"; singleton:="true"] because it is exposed to package 'javax.servlet' from resources org.eclipse.jetty.servlet-api [osgi.identity; type="osgi.bundle"; version:Version="4.0.6"; osgi.identity="org.eclipse.jetty.servlet-api"] and org.apache.felix.http.servlet-api [osgi.identity; osgi.identity="org.apache.felix.http.servlet-api"; type="osgi.bundle"; version:Version="1.2.0"] via two dependency chains.

Chain 1:
  org.eclipse.wst.ws.explorer [osgi.identity; type="osgi.bundle"; version:Version="1.1.2.v202308010145"; osgi.identity="org.eclipse.wst.ws.explorer"; singleton:="true"]
    import: (&(osgi.wiring.package=javax.servlet)(version>=2.4.0))
     |
    export: osgi.wiring.package: javax.servlet
  org.eclipse.jetty.servlet-api [osgi.identity; type="osgi.bundle"; version:Version="4.0.6"; osgi.identity="org.eclipse.jetty.servlet-api"]

Chain 2:
  org.eclipse.wst.ws.explorer [osgi.identity; type="osgi.bundle"; version:Version="1.1.2.v202308010145"; osgi.identity="org.eclipse.wst.ws.explorer"; singleton:="true"]
    import: (&(osgi.wiring.package=org.osgi.service.http)(version>=1.2.0))
     |
    export: osgi.wiring.package=org.osgi.service.http; uses:=javax.servlet.http
  osgi.enterprise [osgi.identity; osgi.identity="osgi.enterprise"; type="osgi.bundle"; version:Version="4.2.0.v201108120515"]
    import: (osgi.wiring.package=javax.servlet.http)
     |
    export: osgi.wiring.package: javax.servlet.http; uses:=javax.servlet
    export: osgi.wiring.package=javax.servlet
  org.apache.felix.http.servlet-api [osgi.identity; osgi.identity="org.apache.felix.http.servlet-api"; type="osgi.bundle"; version:Version="1.2.0"]
	at org.eclipse.osgi.container.Module.start(Module.java:493)
	at org.eclipse.osgi.container.ModuleContainer$ContainerStartLevel$2.run(ModuleContainer.java:2073)
	at org.eclipse.osgi.internal.framework.EquinoxContainerAdaptor$1$1.execute(EquinoxContainerAdaptor.java:143)
	at org.eclipse.osgi.container.ModuleContainer$ContainerStartLevel.incStartLevel(ModuleContainer.java:2064)
	at org.eclipse.osgi.container.ModuleContainer$ContainerStartLevel.incStartLevel(ModuleContainer.java:2004)
	at org.eclipse.osgi.container.ModuleContainer$ContainerStartLevel.doContainerStartLevel(ModuleContainer.java:1967)
	at org.eclipse.osgi.container.ModuleContainer$ContainerStartLevel.dispatchEvent(ModuleContainer.java:1883)
	at org.eclipse.osgi.container.ModuleContainer$ContainerStartLevel.dispatchEvent(ModuleContainer.java:1)
	at org.eclipse.osgi.framework.eventmgr.EventManager.dispatchEvent(EventManager.java:230)
	at org.eclipse.osgi.framework.eventmgr.EventManager$EventThread.run(EventManager.java:341)
